* using log directory 'D:/JHU/2012Fall/550.400/YixuanDA1010242012.git/my1rpack.Rcheck'
* using R version 2.15.1 (2012-06-22)
* using platform: i386-pc-mingw32 (32-bit)
* using session charset: ISO8859-1
* checking for file 'my1rpack/DESCRIPTION' ... OK
* checking extension type ... Package
* this is package 'my1rpack' version '1.0'
* checking package namespace information ... OK
* checking package dependencies ... OK
* checking if this is a source package ... OK
* checking if there is a namespace ... OK
* checking for executable files ... OK
* checking whether package 'my1rpack' can be installed ... WARNING
Found the following significant warnings:
  Warning: package 'filehash' was built under R version 2.15.2
See 'D:/JHU/2012Fall/550.400/YixuanDA1010242012.git/my1rpack.Rcheck/00install.out' for details.
* checking installed package size ... OK
* checking package directory ... OK
* checking for portable file names ... OK
* checking DESCRIPTION meta-information ... OK
* checking top-level files ... OK
* checking index information ... OK
* checking package subdirectories ... OK
* checking R files for non-ASCII characters ... OK
* checking R files for syntax errors ... OK
* checking whether the package can be loaded ... OK
* checking whether the package can be loaded with stated dependencies ... OK
* checking whether the package can be unloaded cleanly ... OK
* checking whether the namespace can be loaded with stated dependencies ... OK
* checking whether the namespace can be unloaded cleanly ... OK
* checking for unstated dependencies in R code ... OK
* checking S3 generic/method consistency ... OK
* checking replacement functions ... OK
* checking foreign function calls ... OK
* checking R code for possible problems ... NOTE
problem1: no visible global function definition for 'tikz'
* checking Rd files ... WARNING
prepare_Rd: my1rpack.Rd:17-18: Dropping empty section \examples
prepare_Rd: problem2.Rd:6-8: Dropping empty section \description
checkRd: (5) problem2.Rd:0-29: Must have a \description
* checking Rd metadata ... OK
* checking Rd cross-references ... OK
* checking for missing documentation entries ... WARNING
Undocumented data sets:
  'problem2'
All user-level objects in a package should have documentation entries.
See the chapter 'Writing R documentation files' in the 'Writing R
Extensions' manual.
* checking for code/documentation mismatches ... OK
* checking Rd \usage sections ... WARNING
Bad \usage lines found in documentation object 'problem1':
  function(filename,fcnname,LRrange,nsample,compile)

Functions with \usage entries need to have the appropriate \alias
entries, and all their arguments documented.
The \usage entries must correspond to syntactically valid R code.
See the chapter 'Writing R documentation files' in the 'Writing R
Extensions' manual.
* checking Rd contents ... OK
* checking for unstated dependencies in examples ... WARNING
'library' or 'require' call not declared from: 'tikzDevice'
* checking contents of 'data' directory ... OK
* checking data for non-ASCII characters ... OK
* checking data for ASCII and uncompressed saves ... OK
* checking examples ... ERROR
Running examples in 'my1rpack-Ex.R' failed
The error most likely occurred in:

> ### Name: problem1
> ### Title: problem1
> ### Aliases: problem1
> 
> ### ** Examples
> 
> require(tikzDevice)
Loading required package: tikzDevice
Loading required package: filehash
Warning: package 'filehash' was built under R version 2.15.2
filehash: Simple key-value database (2.2-1 2012-03-12)
tikzDevice: R Graphics Output in LaTeX Format (v0.6.2-92-0ad2792)
  LaTeX found in the PATH using the command: pdflatex
  XeLaTeX found in the PATH using the command: xelatex
  LuaLaTeX found in the PATH using the command: lualatex
> problem1('bmw1Series',dnorm,c(-5,5),10,1) 
Error: could not find function "problem1"
Execution halted
